[debug] [2024-05-31T04:46:40.917Z] ----------------------------------------------------------------------
[debug] [2024-05-31T04:46:41.197Z] Command:       C:\Program Files\nodejs\node.exe C:\Users\taxda\AppData\Roaming\npm\node_modules\firebase-tools\lib\bin\firebase.js deploy
[debug] [2024-05-31T04:46:41.200Z] CLI Version:   13.10.1
[debug] [2024-05-31T04:46:41.201Z] Platform:      win32
[debug] [2024-05-31T04:46:41.202Z] Node Version:  v20.13.0
[debug] [2024-05-31T04:46:41.233Z] Time:          Thu May 30 2024 22:46:41 GMT-0600 (hora estándar central)
[debug] [2024-05-31T04:46:41.235Z] ----------------------------------------------------------------------
[debug] 
[debug] [2024-05-31T04:46:41.274Z] >>> [apiv2][query] GET https://firebase-public.firebaseio.com/cli.json [none]
[debug] [2024-05-31T04:46:41.769Z] > command requires scopes: ["email","openid","https://www.googleapis.com/auth/cloudplatformprojects.readonly","https://www.googleapis.com/auth/firebase","https://www.googleapis.com/auth/cloud-platform"]
[debug] [2024-05-31T04:46:41.770Z] > authorizing via signed-in user (dignaciot@miumg.edu.gt)
[debug] [2024-05-31T04:46:41.771Z] [iam] checking project intro2024-30278 for permissions ["firebase.projects.get","firebasehosting.sites.update"]
[debug] [2024-05-31T04:46:41.774Z] > refreshing access token with scopes: []
[debug] [2024-05-31T04:46:41.776Z] >>> [apiv2][query] POST https://www.googleapis.com/oauth2/v3/token [none]
[debug] [2024-05-31T04:46:41.776Z] >>> [apiv2][body] POST https://www.googleapis.com/oauth2/v3/token [omitted]
[debug] [2024-05-31T04:46:42.356Z] <<< [apiv2][status] GET https://firebase-public.firebaseio.com/cli.json 200
[debug] [2024-05-31T04:46:42.358Z] <<< [apiv2][body] GET https://firebase-public.firebaseio.com/cli.json {"cloudBuildErrorAfter":1594252800000,"cloudBuildWarnAfter":1590019200000,"defaultNode10After":1594252800000,"minVersion":"3.0.5","node8DeploysDisabledAfter":1613390400000,"node8RuntimeDisabledAfter":1615809600000,"node8WarnAfter":1600128000000}
[debug] [2024-05-31T04:46:42.563Z] <<< [apiv2][status] POST https://www.googleapis.com/oauth2/v3/token 403
[debug] [2024-05-31T04:46:42.564Z] <<< [apiv2][body] POST https://www.googleapis.com/oauth2/v3/token [omitted]
[debug] [2024-05-31T04:46:42.565Z] [iam] error while checking permissions, command may fail: FirebaseError: Authentication Error: Your credentials are no longer valid. Please run firebase login --reauth

For CI servers and headless environments, generate a new token with firebase login:ci
[debug] [2024-05-31T04:46:42.566Z] > refreshing access token with scopes: []
[debug] [2024-05-31T04:46:42.566Z] >>> [apiv2][query] POST https://www.googleapis.com/oauth2/v3/token [none]
[debug] [2024-05-31T04:46:42.567Z] >>> [apiv2][body] POST https://www.googleapis.com/oauth2/v3/token [omitted]
[debug] [2024-05-31T04:46:42.708Z] <<< [apiv2][status] POST https://www.googleapis.com/oauth2/v3/token 403
[debug] [2024-05-31T04:46:42.708Z] <<< [apiv2][body] POST https://www.googleapis.com/oauth2/v3/token [omitted]
[debug] [2024-05-31T04:46:42.708Z] Authentication Error: Your credentials are no longer valid. Please run firebase login --reauth

For CI servers and headless environments, generate a new token with firebase login:ci
[error] 
[error] Error: Assertion failed: resolving hosting target of a site with no site name or target name. This should have caused an error earlier
[debug] [2024-05-31T04:48:47.826Z] ----------------------------------------------------------------------
[debug] [2024-05-31T04:48:51.045Z] Command:       C:\Program Files\nodejs\node.exe C:\Users\taxda\AppData\Roaming\npm\node_modules\firebase-tools\lib\bin\firebase.js init
[debug] [2024-05-31T04:48:51.048Z] CLI Version:   13.10.1
[debug] [2024-05-31T04:48:51.049Z] Platform:      win32
[debug] [2024-05-31T04:48:51.050Z] Node Version:  v20.13.0
[debug] [2024-05-31T04:48:51.134Z] Time:          Thu May 30 2024 22:48:51 GMT-0600 (hora estándar central)
[debug] [2024-05-31T04:48:51.135Z] ----------------------------------------------------------------------
[debug] 
[debug] [2024-05-31T04:48:52.778Z] > command requires scopes: ["email","openid","https://www.googleapis.com/auth/cloudplatformprojects.readonly","https://www.googleapis.com/auth/firebase","https://www.googleapis.com/auth/cloud-platform"]
[debug] [2024-05-31T04:48:52.781Z] > authorizing via signed-in user (dignaciot@miumg.edu.gt)
[info] 
     ######## #### ########  ######## ########     ###     ######  ########
     ##        ##  ##     ## ##       ##     ##  ##   ##  ##       ##
     ######    ##  ########  ######   ########  #########  ######  ######
     ##        ##  ##    ##  ##       ##     ## ##     ##       ## ##
     ##       #### ##     ## ######## ########  ##     ##  ######  ########

You're about to initialize a Firebase project in this directory:

  C:\Introduccion2024\Introducci-n2024\PRACTICA-FIREBASE

Before we get started, keep in mind:

  * You are currently outside your home directory
  * You are initializing within an existing Firebase project directory

